[1015/145201.875:ERROR:prune_crash_reports.cc(34)] PruneCrashReportDatabase: Failed to get pending reports
[0311/122234.112:ERROR:process_reader_win.cc(123)] NtOpenThread: {Access Denied} A process has requested access to an object, but has not been granted those access rights. (0xc0000022)
[0311/122234.160:ERROR:exception_snapshot_win.cc(88)] thread ID 14332 not found in process
[0311/155355.184:ERROR:process_reader_win.cc(123)] NtOpenThread: {Access Denied} A process has requested access to an object, but has not been granted those access rights. (0xc0000022)
[0311/155355.226:ERROR:exception_snapshot_win.cc(88)] thread ID 20868 not found in process
[0313/114546.053:ERROR:process_reader_win.cc(151)] SuspendThread: Access is denied. (0x5)
[0313/114546.250:ERROR:process_reader_win.cc(151)] SuspendThread: Access is denied. (0x5)
[0313/114546.251:ERROR:process_reader_win.cc(151)] SuspendThread: Access is denied. (0x5)
[0313/114546.251:ERROR:process_reader_win.cc(151)] SuspendThread: Access is denied. (0x5)
[0313/114546.251:ERROR:process_reader_win.cc(151)] SuspendThread: Access is denied. (0x5)
[0313/114546.251:ERROR:process_reader_win.cc(151)] SuspendThread: Access is denied. (0x5)
[0313/114546.252:ERROR:process_reader_win.cc(151)] SuspendThread: Access is denied. (0x5)
[0313/114546.252:ERROR:process_reader_win.cc(151)] SuspendThread: Access is denied. (0x5)
[0313/114546.252:ERROR:process_reader_win.cc(151)] SuspendThread: Access is denied. (0x5)
[0313/114546.255:ERROR:process_reader_win.cc(151)] SuspendThread: Access is denied. (0x5)
[0313/114546.255:ERROR:process_reader_win.cc(151)] SuspendThread: Access is denied. (0x5)
[0313/114546.255:ERROR:process_reader_win.cc(151)] SuspendThread: Access is denied. (0x5)
[0313/114546.271:ERROR:process_reader_win.cc(151)] SuspendThread: Access is denied. (0x5)
[0313/114546.272:ERROR:process_reader_win.cc(151)] SuspendThread: Access is denied. (0x5)
[0313/114546.273:ERROR:process_reader_win.cc(151)] SuspendThread: Access is denied. (0x5)
[0313/114546.273:ERROR:process_reader_win.cc(151)] SuspendThread: Access is denied. (0x5)
[0313/114559.788:ERROR:process_reader_win.cc(151)] SuspendThread: Access is denied. (0x5)
[0313/114559.851:ERROR:process_reader_win.cc(151)] SuspendThread: Access is denied. (0x5)
[0313/114559.851:ERROR:process_reader_win.cc(151)] SuspendThread: Access is denied. (0x5)
[0313/114559.851:ERROR:process_reader_win.cc(151)] SuspendThread: Access is denied. (0x5)
[0313/114559.851:ERROR:process_reader_win.cc(151)] SuspendThread: Access is denied. (0x5)
[0313/114559.851:ERROR:process_reader_win.cc(151)] SuspendThread: Access is denied. (0x5)
[0313/114559.851:ERROR:process_reader_win.cc(151)] SuspendThread: Access is denied. (0x5)
[0313/114559.851:ERROR:process_reader_win.cc(151)] SuspendThread: Access is denied. (0x5)
[0313/114559.852:ERROR:process_reader_win.cc(151)] SuspendThread: Access is denied. (0x5)
[0313/114559.852:ERROR:process_reader_win.cc(151)] SuspendThread: Access is denied. (0x5)
[0313/114559.852:ERROR:process_reader_win.cc(151)] SuspendThread: Access is denied. (0x5)
[0313/114559.852:ERROR:process_reader_win.cc(151)] SuspendThread: Access is denied. (0x5)
[0313/114559.852:ERROR:process_reader_win.cc(151)] SuspendThread: Access is denied. (0x5)
[0313/114559.852:ERROR:process_reader_win.cc(151)] SuspendThread: Access is denied. (0x5)
[0313/114559.852:ERROR:process_reader_win.cc(151)] SuspendThread: Access is denied. (0x5)
[0313/114559.852:ERROR:process_reader_win.cc(151)] SuspendThread: Access is denied. (0x5)
[0313/114559.853:ERROR:process_reader_win.cc(151)] SuspendThread: Access is denied. (0x5)
[0313/114559.853:ERROR:process_reader_win.cc(151)] SuspendThread: Access is denied. (0x5)
[0313/114559.853:ERROR:process_reader_win.cc(151)] SuspendThread: Access is denied. (0x5)
[0313/114559.853:ERROR:process_reader_win.cc(151)] SuspendThread: Access is denied. (0x5)
[0313/114559.853:ERROR:process_reader_win.cc(151)] SuspendThread: Access is denied. (0x5)
[0313/114559.853:ERROR:process_reader_win.cc(151)] SuspendThread: Access is denied. (0x5)
[0313/114559.853:ERROR:process_reader_win.cc(151)] SuspendThread: Access is denied. (0x5)
[0313/114559.853:ERROR:process_reader_win.cc(151)] SuspendThread: Access is denied. (0x5)
[0313/114559.853:ERROR:process_reader_win.cc(151)] SuspendThread: Access is denied. (0x5)
[0313/114559.853:ERROR:process_reader_win.cc(151)] SuspendThread: Access is denied. (0x5)
[0313/114559.853:ERROR:process_reader_win.cc(151)] SuspendThread: Access is denied. (0x5)
[0313/114559.853:ERROR:process_reader_win.cc(151)] SuspendThread: Access is denied. (0x5)
[0313/114559.853:ERROR:process_reader_win.cc(151)] SuspendThread: Access is denied. (0x5)
[0313/114559.861:ERROR:process_reader_win.cc(151)] SuspendThread: Access is denied. (0x5)
[0313/114559.862:ERROR:process_reader_win.cc(151)] SuspendThread: Access is denied. (0x5)
[0313/114559.862:ERROR:process_reader_win.cc(151)] SuspendThread: Access is denied. (0x5)
[0313/114559.863:ERROR:process_reader_win.cc(151)] SuspendThread: Access is denied. (0x5)
[0313/114559.863:ERROR:process_reader_win.cc(151)] SuspendThread: Access is denied. (0x5)
[0313/114559.865:ERROR:process_reader_win.cc(151)] SuspendThread: Access is denied. (0x5)
[0313/114559.865:ERROR:process_reader_win.cc(151)] SuspendThread: Access is denied. (0x5)
[0313/114559.865:ERROR:process_reader_win.cc(151)] SuspendThread: Access is denied. (0x5)
[0313/114559.865:ERROR:process_reader_win.cc(151)] SuspendThread: Access is denied. (0x5)
[0313/114559.865:ERROR:process_reader_win.cc(151)] SuspendThread: Access is denied. (0x5)
[0313/114559.866:ERROR:process_reader_win.cc(151)] SuspendThread: Access is denied. (0x5)
[0313/114559.866:ERROR:process_reader_win.cc(151)] SuspendThread: Access is denied. (0x5)
[0313/114559.866:ERROR:process_reader_win.cc(151)] SuspendThread: Access is denied. (0x5)
[0313/114559.866:ERROR:process_reader_win.cc(151)] SuspendThread: Access is denied. (0x5)
[0313/114559.866:ERROR:process_reader_win.cc(151)] SuspendThread: Access is denied. (0x5)
[0313/114559.866:ERROR:process_reader_win.cc(151)] SuspendThread: Access is denied. (0x5)
[0313/114559.866:ERROR:process_reader_win.cc(151)] SuspendThread: Access is denied. (0x5)
[0313/114559.872:ERROR:process_reader_win.cc(151)] SuspendThread: Access is denied. (0x5)
[0313/114559.877:ERROR:process_reader_win.cc(151)] SuspendThread: Access is denied. (0x5)
[0313/114559.880:ERROR:process_reader_win.cc(151)] SuspendThread: Access is denied. (0x5)
[0313/114559.880:ERROR:process_reader_win.cc(151)] SuspendThread: Access is denied. (0x5)
[0313/114559.880:ERROR:process_reader_win.cc(151)] SuspendThread: Access is denied. (0x5)
[0313/114559.881:ERROR:process_reader_win.cc(151)] SuspendThread: Access is denied. (0x5)
[0313/114559.881:ERROR:process_reader_win.cc(151)] SuspendThread: Access is denied. (0x5)
[0313/114559.881:ERROR:process_reader_win.cc(151)] SuspendThread: Access is denied. (0x5)
[0313/114559.881:ERROR:process_reader_win.cc(151)] SuspendThread: Access is denied. (0x5)
[0313/114559.883:ERROR:process_reader_win.cc(151)] SuspendThread: Access is denied. (0x5)
[0313/114559.884:ERROR:process_reader_win.cc(151)] SuspendThread: Access is denied. (0x5)
[0313/114559.884:ERROR:process_reader_win.cc(151)] SuspendThread: Access is denied. (0x5)
[0313/114559.884:ERROR:process_reader_win.cc(151)] SuspendThread: Access is denied. (0x5)
[0313/114559.884:ERROR:process_reader_win.cc(151)] SuspendThread: Access is denied. (0x5)
[0313/114559.884:ERROR:process_reader_win.cc(151)] SuspendThread: Access is denied. (0x5)
[0313/114559.887:ERROR:process_reader_win.cc(151)] SuspendThread: Access is denied. (0x5)
[0313/114559.887:ERROR:process_reader_win.cc(151)] SuspendThread: Access is denied. (0x5)
[0313/114559.887:ERROR:process_reader_win.cc(151)] SuspendThread: Access is denied. (0x5)
[0313/114559.887:ERROR:process_reader_win.cc(151)] SuspendThread: Access is denied. (0x5)
[0313/114559.887:ERROR:process_reader_win.cc(151)] SuspendThread: Access is denied. (0x5)
[0313/114559.887:ERROR:process_reader_win.cc(151)] SuspendThread: Access is denied. (0x5)
[0313/114559.888:ERROR:process_reader_win.cc(151)] SuspendThread: Access is denied. (0x5)
[0313/114559.888:ERROR:process_reader_win.cc(151)] SuspendThread: Access is denied. (0x5)
[0313/114559.890:ERROR:process_reader_win.cc(151)] SuspendThread: Access is denied. (0x5)
[0313/114559.891:ERROR:process_reader_win.cc(151)] SuspendThread: Access is denied. (0x5)
[0313/114559.891:ERROR:process_reader_win.cc(151)] SuspendThread: Access is denied. (0x5)
[0313/114559.891:ERROR:process_reader_win.cc(151)] SuspendThread: Access is denied. (0x5)
[0313/114559.891:ERROR:process_reader_win.cc(151)] SuspendThread: Access is denied. (0x5)
[0313/114559.891:ERROR:process_reader_win.cc(151)] SuspendThread: Access is denied. (0x5)
[0313/114559.891:ERROR:process_reader_win.cc(151)] SuspendThread: Access is denied. (0x5)
[0313/114559.891:ERROR:process_reader_win.cc(151)] SuspendThread: Access is denied. (0x5)
[0313/114559.891:ERROR:process_reader_win.cc(151)] SuspendThread: Access is denied. (0x5)
[0313/114559.891:ERROR:process_reader_win.cc(151)] SuspendThread: Access is denied. (0x5)
[0313/114559.892:ERROR:process_reader_win.cc(151)] SuspendThread: Access is denied. (0x5)
[0313/114559.892:ERROR:process_reader_win.cc(151)] SuspendThread: Access is denied. (0x5)
[0313/114559.892:ERROR:process_reader_win.cc(151)] SuspendThread: Access is denied. (0x5)
[0313/114559.901:ERROR:process_reader_win.cc(151)] SuspendThread: Access is denied. (0x5)
[0313/114559.902:ERROR:process_reader_win.cc(151)] SuspendThread: Access is denied. (0x5)
[0313/114559.902:ERROR:process_reader_win.cc(151)] SuspendThread: Access is denied. (0x5)
[0313/114559.902:ERROR:process_reader_win.cc(151)] SuspendThread: Access is denied. (0x5)
[0313/114559.902:ERROR:process_reader_win.cc(151)] SuspendThread: Access is denied. (0x5)
[0313/114559.902:ERROR:process_reader_win.cc(151)] SuspendThread: Access is denied. (0x5)
[0313/114559.902:ERROR:process_reader_win.cc(151)] SuspendThread: Access is denied. (0x5)
[0313/114559.902:ERROR:process_reader_win.cc(151)] SuspendThread: Access is denied. (0x5)
[0313/114559.902:ERROR:process_reader_win.cc(151)] SuspendThread: Access is denied. (0x5)
[0313/114559.903:ERROR:process_reader_win.cc(151)] SuspendThread: Access is denied. (0x5)
[0313/114559.903:ERROR:process_reader_win.cc(151)] SuspendThread: Access is denied. (0x5)
[0313/114559.903:ERROR:process_reader_win.cc(151)] SuspendThread: Access is denied. (0x5)
[0313/114559.903:ERROR:process_reader_win.cc(151)] SuspendThread: Access is denied. (0x5)
[0313/114559.903:ERROR:process_reader_win.cc(123)] NtOpenThread: {Access Denied} A process has requested access to an object, but has not been granted those access rights. (0xc0000022)
[0313/114559.963:ERROR:exception_snapshot_win.cc(88)] thread ID 27556 not found in process
[0313/114607.485:ERROR:process_reader_win.cc(151)] SuspendThread: Access is denied. (0x5)
[0313/114607.568:ERROR:process_reader_win.cc(151)] SuspendThread: Access is denied. (0x5)
[0313/114607.568:ERROR:process_reader_win.cc(151)] SuspendThread: Access is denied. (0x5)
[0313/114607.568:ERROR:process_reader_win.cc(151)] SuspendThread: Access is denied. (0x5)
[0313/114607.568:ERROR:process_reader_win.cc(151)] SuspendThread: Access is denied. (0x5)
[0313/114607.568:ERROR:process_reader_win.cc(151)] SuspendThread: Access is denied. (0x5)
[0313/114607.568:ERROR:process_reader_win.cc(151)] SuspendThread: Access is denied. (0x5)
[0313/114607.568:ERROR:process_reader_win.cc(151)] SuspendThread: Access is denied. (0x5)
[0313/114607.568:ERROR:process_reader_win.cc(151)] SuspendThread: Access is denied. (0x5)
[0313/114607.569:ERROR:process_reader_win.cc(151)] SuspendThread: Access is denied. (0x5)
[0313/114607.569:ERROR:process_reader_win.cc(151)] SuspendThread: Access is denied. (0x5)
[0313/114607.569:ERROR:process_reader_win.cc(151)] SuspendThread: Access is denied. (0x5)
[0313/114607.569:ERROR:process_reader_win.cc(151)] SuspendThread: Access is denied. (0x5)
[0313/114607.569:ERROR:process_reader_win.cc(151)] SuspendThread: Access is denied. (0x5)
[0313/114607.569:ERROR:process_reader_win.cc(151)] SuspendThread: Access is denied. (0x5)
[0313/114607.569:ERROR:process_reader_win.cc(151)] SuspendThread: Access is denied. (0x5)
[0313/114607.570:ERROR:process_reader_win.cc(151)] SuspendThread: Access is denied. (0x5)
[0313/114607.570:ERROR:process_reader_win.cc(151)] SuspendThread: Access is denied. (0x5)
[0313/114607.570:ERROR:process_reader_win.cc(151)] SuspendThread: Access is denied. (0x5)
[0313/114607.571:ERROR:process_reader_win.cc(151)] SuspendThread: Access is denied. (0x5)
[0313/114607.571:ERROR:process_reader_win.cc(151)] SuspendThread: Access is denied. (0x5)
[0313/114607.571:ERROR:process_reader_win.cc(151)] SuspendThread: Access is denied. (0x5)
[0313/114607.582:ERROR:process_reader_win.cc(151)] SuspendThread: Access is denied. (0x5)
[0313/114607.582:ERROR:process_reader_win.cc(151)] SuspendThread: Access is denied. (0x5)
[0313/114607.582:ERROR:process_reader_win.cc(151)] SuspendThread: Access is denied. (0x5)
[0313/114607.582:ERROR:process_reader_win.cc(151)] SuspendThread: Access is denied. (0x5)
[0313/114607.582:ERROR:process_reader_win.cc(151)] SuspendThread: Access is denied. (0x5)
[0313/114607.583:ERROR:process_reader_win.cc(151)] SuspendThread: Access is denied. (0x5)
[0313/114607.583:ERROR:process_reader_win.cc(151)] SuspendThread: Access is denied. (0x5)
[0313/114607.583:ERROR:process_reader_win.cc(151)] SuspendThread: Access is denied. (0x5)
[0313/114607.583:ERROR:process_reader_win.cc(151)] SuspendThread: Access is denied. (0x5)
[0313/114607.583:ERROR:process_reader_win.cc(151)] SuspendThread: Access is denied. (0x5)
[0313/114607.583:ERROR:process_reader_win.cc(151)] SuspendThread: Access is denied. (0x5)
[0313/114607.583:ERROR:process_reader_win.cc(151)] SuspendThread: Access is denied. (0x5)
[0313/114607.583:ERROR:process_reader_win.cc(151)] SuspendThread: Access is denied. (0x5)
[0313/114607.586:ERROR:process_reader_win.cc(151)] SuspendThread: Access is denied. (0x5)
[0313/114607.586:ERROR:process_reader_win.cc(151)] SuspendThread: Access is denied. (0x5)
[0313/114607.586:ERROR:process_reader_win.cc(151)] SuspendThread: Access is denied. (0x5)
[0313/114607.586:ERROR:process_reader_win.cc(151)] SuspendThread: Access is denied. (0x5)
[0313/114607.586:ERROR:process_reader_win.cc(151)] SuspendThread: Access is denied. (0x5)
[0313/114607.586:ERROR:process_reader_win.cc(151)] SuspendThread: Access is denied. (0x5)
[0313/114607.586:ERROR:process_reader_win.cc(151)] SuspendThread: Access is denied. (0x5)
[0313/114607.586:ERROR:process_reader_win.cc(151)] SuspendThread: Access is denied. (0x5)
[0313/114607.586:ERROR:process_reader_win.cc(151)] SuspendThread: Access is denied. (0x5)
[0313/114607.598:ERROR:process_reader_win.cc(151)] SuspendThread: Access is denied. (0x5)
[0313/114607.598:ERROR:process_reader_win.cc(151)] SuspendThread: Access is denied. (0x5)
[0313/114607.598:ERROR:process_reader_win.cc(151)] SuspendThread: Access is denied. (0x5)
[0313/114607.598:ERROR:process_reader_win.cc(151)] SuspendThread: Access is denied. (0x5)
[0313/114607.599:ERROR:process_reader_win.cc(151)] SuspendThread: Access is denied. (0x5)
[0313/114607.599:ERROR:process_reader_win.cc(151)] SuspendThread: Access is denied. (0x5)
[0313/114607.599:ERROR:process_reader_win.cc(151)] SuspendThread: Access is denied. (0x5)
[0313/114607.599:ERROR:process_reader_win.cc(151)] SuspendThread: Access is denied. (0x5)
[0313/114607.599:ERROR:process_reader_win.cc(151)] SuspendThread: Access is denied. (0x5)
[0313/114607.600:ERROR:process_reader_win.cc(151)] SuspendThread: Access is denied. (0x5)
[0313/114607.600:ERROR:process_reader_win.cc(151)] SuspendThread: Access is denied. (0x5)
[0313/114607.600:ERROR:process_reader_win.cc(151)] SuspendThread: Access is denied. (0x5)
[0313/114607.600:ERROR:process_reader_win.cc(151)] SuspendThread: Access is denied. (0x5)
[0313/114607.600:ERROR:process_reader_win.cc(151)] SuspendThread: Access is denied. (0x5)
[0313/114607.602:ERROR:process_reader_win.cc(151)] SuspendThread: Access is denied. (0x5)
[0313/114607.602:ERROR:process_reader_win.cc(151)] SuspendThread: Access is denied. (0x5)
[0313/114607.602:ERROR:process_reader_win.cc(151)] SuspendThread: Access is denied. (0x5)
[0313/114607.603:ERROR:process_reader_win.cc(151)] SuspendThread: Access is denied. (0x5)
[0313/114607.603:ERROR:process_reader_win.cc(151)] SuspendThread: Access is denied. (0x5)
[0313/114607.603:ERROR:process_reader_win.cc(151)] SuspendThread: Access is denied. (0x5)
[0313/114607.603:ERROR:process_reader_win.cc(151)] SuspendThread: Access is denied. (0x5)
[0313/114607.620:ERROR:process_reader_win.cc(151)] SuspendThread: Access is denied. (0x5)
[0313/114607.620:ERROR:process_reader_win.cc(151)] SuspendThread: Access is denied. (0x5)
[0313/114607.632:ERROR:process_reader_win.cc(151)] SuspendThread: Access is denied. (0x5)
[0313/114607.632:ERROR:process_reader_win.cc(151)] SuspendThread: Access is denied. (0x5)
[0313/114607.633:ERROR:process_reader_win.cc(151)] SuspendThread: Access is denied. (0x5)
[0313/114607.633:ERROR:process_reader_win.cc(151)] SuspendThread: Access is denied. (0x5)
[0313/114607.633:ERROR:process_reader_win.cc(151)] SuspendThread: Access is denied. (0x5)
[0313/114607.633:ERROR:process_reader_win.cc(151)] SuspendThread: Access is denied. (0x5)
[0313/114607.633:ERROR:process_reader_win.cc(151)] SuspendThread: Access is denied. (0x5)
[0313/114607.633:ERROR:process_reader_win.cc(151)] SuspendThread: Access is denied. (0x5)
[0313/114607.633:ERROR:process_reader_win.cc(151)] SuspendThread: Access is denied. (0x5)
[0313/114607.634:ERROR:process_reader_win.cc(123)] NtOpenThread: {Access Denied} A process has requested access to an object, but has not been granted those access rights. (0xc0000022)
[0313/114607.634:ERROR:exception_snapshot_win.cc(88)] thread ID 28432 not found in process
[0313/114609.030:ERROR:process_reader_win.cc(151)] SuspendThread: Access is denied. (0x5)
[0313/114609.125:ERROR:process_reader_win.cc(151)] SuspendThread: Access is denied. (0x5)
[0313/114609.126:ERROR:process_reader_win.cc(151)] SuspendThread: Access is denied. (0x5)
[0313/114609.127:ERROR:process_reader_win.cc(151)] SuspendThread: Access is denied. (0x5)
[0313/114609.127:ERROR:process_reader_win.cc(151)] SuspendThread: Access is denied. (0x5)
[0313/114609.127:ERROR:process_reader_win.cc(151)] SuspendThread: Access is denied. (0x5)
[0313/114609.128:ERROR:process_reader_win.cc(151)] SuspendThread: Access is denied. (0x5)
[0313/114609.128:ERROR:process_reader_win.cc(151)] SuspendThread: Access is denied. (0x5)
[0313/114609.129:ERROR:process_reader_win.cc(151)] SuspendThread: Access is denied. (0x5)
[0313/114609.129:ERROR:process_reader_win.cc(151)] SuspendThread: Access is denied. (0x5)
[0313/114609.129:ERROR:process_reader_win.cc(151)] SuspendThread: Access is denied. (0x5)
[0313/114609.129:ERROR:process_reader_win.cc(151)] SuspendThread: Access is denied. (0x5)
[0313/114609.129:ERROR:process_reader_win.cc(151)] SuspendThread: Access is denied. (0x5)
[0313/114609.129:ERROR:process_reader_win.cc(151)] SuspendThread: Access is denied. (0x5)
[0313/114609.129:ERROR:process_reader_win.cc(151)] SuspendThread: Access is denied. (0x5)
[0313/114609.129:ERROR:process_reader_win.cc(151)] SuspendThread: Access is denied. (0x5)
[0313/114609.130:ERROR:process_reader_win.cc(151)] SuspendThread: Access is denied. (0x5)
[0313/114609.130:ERROR:process_reader_win.cc(151)] SuspendThread: Access is denied. (0x5)
[0313/114609.130:ERROR:process_reader_win.cc(151)] SuspendThread: Access is denied. (0x5)
[0313/114609.130:ERROR:process_reader_win.cc(151)] SuspendThread: Access is denied. (0x5)
[0313/114609.131:ERROR:process_reader_win.cc(151)] SuspendThread: Access is denied. (0x5)
[0313/114609.131:ERROR:process_reader_win.cc(151)] SuspendThread: Access is denied. (0x5)
[0313/114609.131:ERROR:process_reader_win.cc(151)] SuspendThread: Access is denied. (0x5)
[0313/114609.131:ERROR:process_reader_win.cc(151)] SuspendThread: Access is denied. (0x5)
[0313/114609.132:ERROR:process_reader_win.cc(151)] SuspendThread: Access is denied. (0x5)
[0313/114609.132:ERROR:process_reader_win.cc(151)] SuspendThread: Access is denied. (0x5)
[0313/114609.133:ERROR:process_reader_win.cc(151)] SuspendThread: Access is denied. (0x5)
[0313/114609.133:ERROR:process_reader_win.cc(151)] SuspendThread: Access is denied. (0x5)
[0313/114609.133:ERROR:process_reader_win.cc(151)] SuspendThread: Access is denied. (0x5)
[0313/114609.133:ERROR:process_reader_win.cc(151)] SuspendThread: Access is denied. (0x5)
[0313/114609.134:ERROR:process_reader_win.cc(151)] SuspendThread: Access is denied. (0x5)
[0313/114609.134:ERROR:process_reader_win.cc(151)] SuspendThread: Access is denied. (0x5)
[0313/114609.134:ERROR:process_reader_win.cc(151)] SuspendThread: Access is denied. (0x5)
[0313/114609.134:ERROR:process_reader_win.cc(151)] SuspendThread: Access is denied. (0x5)
[0313/114609.134:ERROR:process_reader_win.cc(151)] SuspendThread: Access is denied. (0x5)
[0313/114609.134:ERROR:process_reader_win.cc(151)] SuspendThread: Access is denied. (0x5)
[0313/114609.135:ERROR:process_reader_win.cc(151)] SuspendThread: Access is denied. (0x5)
[0313/114609.135:ERROR:process_reader_win.cc(151)] SuspendThread: Access is denied. (0x5)
[0313/114609.135:ERROR:process_reader_win.cc(151)] SuspendThread: Access is denied. (0x5)
[0313/114609.136:ERROR:process_reader_win.cc(151)] SuspendThread: Access is denied. (0x5)
[0313/114609.137:ERROR:process_reader_win.cc(151)] SuspendThread: Access is denied. (0x5)
[0313/114609.137:ERROR:process_reader_win.cc(151)] SuspendThread: Access is denied. (0x5)
[0313/114609.148:ERROR:process_reader_win.cc(151)] SuspendThread: Access is denied. (0x5)
[0313/114609.149:ERROR:process_reader_win.cc(151)] SuspendThread: Access is denied. (0x5)
[0313/114609.149:ERROR:process_reader_win.cc(151)] SuspendThread: Access is denied. (0x5)
[0313/114609.149:ERROR:process_reader_win.cc(151)] SuspendThread: Access is denied. (0x5)
[0313/114609.149:ERROR:process_reader_win.cc(151)] SuspendThread: Access is denied. (0x5)
[0313/114609.150:ERROR:process_reader_win.cc(151)] SuspendThread: Access is denied. (0x5)
[0313/114609.150:ERROR:process_reader_win.cc(151)] SuspendThread: Access is denied. (0x5)
[0313/114609.150:ERROR:process_reader_win.cc(151)] SuspendThread: Access is denied. (0x5)
[0313/114609.150:ERROR:process_reader_win.cc(151)] SuspendThread: Access is denied. (0x5)
[0313/114609.150:ERROR:process_reader_win.cc(151)] SuspendThread: Access is denied. (0x5)
[0313/114609.150:ERROR:process_reader_win.cc(151)] SuspendThread: Access is denied. (0x5)
[0313/114609.151:ERROR:process_reader_win.cc(151)] SuspendThread: Access is denied. (0x5)
[0313/114609.152:ERROR:process_reader_win.cc(151)] SuspendThread: Access is denied. (0x5)
[0313/114609.152:ERROR:process_reader_win.cc(151)] SuspendThread: Access is denied. (0x5)
[0313/114609.152:ERROR:process_reader_win.cc(151)] SuspendThread: Access is denied. (0x5)
[0313/114609.152:ERROR:process_reader_win.cc(151)] SuspendThread: Access is denied. (0x5)
[0313/114609.152:ERROR:process_reader_win.cc(151)] SuspendThread: Access is denied. (0x5)
[0313/114609.152:ERROR:process_reader_win.cc(151)] SuspendThread: Access is denied. (0x5)
[0313/114609.153:ERROR:process_reader_win.cc(151)] SuspendThread: Access is denied. (0x5)
[0313/114609.166:ERROR:process_reader_win.cc(151)] SuspendThread: Access is denied. (0x5)
[0313/114609.166:ERROR:process_reader_win.cc(151)] SuspendThread: Access is denied. (0x5)
[0313/114609.166:ERROR:process_reader_win.cc(151)] SuspendThread: Access is denied. (0x5)
[0313/114609.166:ERROR:process_reader_win.cc(151)] SuspendThread: Access is denied. (0x5)
[0313/114609.167:ERROR:process_reader_win.cc(151)] SuspendThread: Access is denied. (0x5)
[0313/114609.167:ERROR:process_reader_win.cc(151)] SuspendThread: Access is denied. (0x5)
[0313/114609.167:ERROR:process_reader_win.cc(151)] SuspendThread: Access is denied. (0x5)
[0313/114609.167:ERROR:process_reader_win.cc(151)] SuspendThread: Access is denied. (0x5)
[0313/114609.167:ERROR:process_reader_win.cc(151)] SuspendThread: Access is denied. (0x5)
[0313/114609.167:ERROR:process_reader_win.cc(151)] SuspendThread: Access is denied. (0x5)
[0313/114609.167:ERROR:process_reader_win.cc(151)] SuspendThread: Access is denied. (0x5)
[0313/114609.167:ERROR:process_reader_win.cc(151)] SuspendThread: Access is denied. (0x5)
[0313/114609.167:ERROR:process_reader_win.cc(151)] SuspendThread: Access is denied. (0x5)
[0313/114609.167:ERROR:process_reader_win.cc(123)] NtOpenThread: {Access Denied} A process has requested access to an object, but has not been granted those access rights. (0xc0000022)
[0313/114609.167:ERROR:exception_snapshot_win.cc(88)] thread ID 15856 not found in process
[0313/114616.530:ERROR:process_reader_win.cc(151)] SuspendThread: Access is denied. (0x5)
[0313/114616.534:ERROR:process_reader_win.cc(151)] SuspendThread: Access is denied. (0x5)
[0313/114616.534:ERROR:process_reader_win.cc(151)] SuspendThread: Access is denied. (0x5)
[0313/114616.534:ERROR:process_reader_win.cc(151)] SuspendThread: Access is denied. (0x5)
[0313/114616.534:ERROR:process_reader_win.cc(151)] SuspendThread: Access is denied. (0x5)
[0313/114616.534:ERROR:process_reader_win.cc(151)] SuspendThread: Access is denied. (0x5)
[0313/114616.545:ERROR:process_reader_win.cc(151)] SuspendThread: Access is denied. (0x5)
[0313/114616.545:ERROR:process_reader_win.cc(151)] SuspendThread: Access is denied. (0x5)
[0313/114616.546:ERROR:process_reader_win.cc(151)] SuspendThread: Access is denied. (0x5)
[0313/114616.546:ERROR:process_reader_win.cc(151)] SuspendThread: Access is denied. (0x5)
[0313/114616.546:ERROR:process_reader_win.cc(151)] SuspendThread: Access is denied. (0x5)
[0313/114616.546:ERROR:process_reader_win.cc(151)] SuspendThread: Access is denied. (0x5)
[0313/114616.546:ERROR:process_reader_win.cc(151)] SuspendThread: Access is denied. (0x5)
[0313/114616.547:ERROR:process_reader_win.cc(151)] SuspendThread: Access is denied. (0x5)
[0313/114616.547:ERROR:process_reader_win.cc(151)] SuspendThread: Access is denied. (0x5)
[0313/114616.547:ERROR:process_reader_win.cc(151)] SuspendThread: Access is denied. (0x5)
[0313/114616.547:ERROR:process_reader_win.cc(151)] SuspendThread: Access is denied. (0x5)
[0313/114616.547:ERROR:process_reader_win.cc(151)] SuspendThread: Access is denied. (0x5)
[0313/114616.547:ERROR:process_reader_win.cc(151)] SuspendThread: Access is denied. (0x5)
[0313/114616.547:ERROR:process_reader_win.cc(151)] SuspendThread: Access is denied. (0x5)
[0313/114616.547:ERROR:process_reader_win.cc(151)] SuspendThread: Access is denied. (0x5)
[0313/114616.548:ERROR:process_reader_win.cc(151)] SuspendThread: Access is denied. (0x5)
[0313/114616.548:ERROR:process_reader_win.cc(151)] SuspendThread: Access is denied. (0x5)
[0313/114616.548:ERROR:process_reader_win.cc(151)] SuspendThread: Access is denied. (0x5)
[0313/114616.548:ERROR:process_reader_win.cc(151)] SuspendThread: Access is denied. (0x5)
[0313/114616.548:ERROR:process_reader_win.cc(151)] SuspendThread: Access is denied. (0x5)
[0313/114616.548:ERROR:process_reader_win.cc(151)] SuspendThread: Access is denied. (0x5)
[0313/114616.548:ERROR:process_reader_win.cc(151)] SuspendThread: Access is denied. (0x5)
[0313/114616.548:ERROR:process_reader_win.cc(151)] SuspendThread: Access is denied. (0x5)
[0313/114616.548:ERROR:process_reader_win.cc(151)] SuspendThread: Access is denied. (0x5)
[0313/114616.548:ERROR:process_reader_win.cc(151)] SuspendThread: Access is denied. (0x5)
[0313/114616.548:ERROR:process_reader_win.cc(151)] SuspendThread: Access is denied. (0x5)
[0313/114616.548:ERROR:process_reader_win.cc(151)] SuspendThread: Access is denied. (0x5)
[0313/114616.548:ERROR:process_reader_win.cc(151)] SuspendThread: Access is denied. (0x5)
[0313/114616.548:ERROR:process_reader_win.cc(151)] SuspendThread: Access is denied. (0x5)
[0313/114616.550:ERROR:process_reader_win.cc(151)] SuspendThread: Access is denied. (0x5)
[0313/114616.550:ERROR:process_reader_win.cc(151)] SuspendThread: Access is denied. (0x5)
[0313/114616.550:ERROR:process_reader_win.cc(151)] SuspendThread: Access is denied. (0x5)
[0313/114616.550:ERROR:process_reader_win.cc(151)] SuspendThread: Access is denied. (0x5)
[0313/114616.550:ERROR:process_reader_win.cc(151)] SuspendThread: Access is denied. (0x5)
[0313/114616.550:ERROR:process_reader_win.cc(151)] SuspendThread: Access is denied. (0x5)
[0313/114616.550:ERROR:process_reader_win.cc(151)] SuspendThread: Access is denied. (0x5)
[0313/114616.550:ERROR:process_reader_win.cc(151)] SuspendThread: Access is denied. (0x5)
[0313/114616.551:ERROR:process_reader_win.cc(151)] SuspendThread: Access is denied. (0x5)
[0313/114616.551:ERROR:process_reader_win.cc(151)] SuspendThread: Access is denied. (0x5)
[0313/114616.551:ERROR:process_reader_win.cc(151)] SuspendThread: Access is denied. (0x5)
[0313/114616.551:ERROR:process_reader_win.cc(151)] SuspendThread: Access is denied. (0x5)
[0313/114616.551:ERROR:process_reader_win.cc(151)] SuspendThread: Access is denied. (0x5)
[0313/114616.551:ERROR:process_reader_win.cc(151)] SuspendThread: Access is denied. (0x5)
[0313/114616.551:ERROR:process_reader_win.cc(151)] SuspendThread: Access is denied. (0x5)
[0313/114616.551:ERROR:process_reader_win.cc(151)] SuspendThread: Access is denied. (0x5)
[0313/114616.552:ERROR:process_reader_win.cc(151)] SuspendThread: Access is denied. (0x5)
[0313/114616.552:ERROR:process_reader_win.cc(151)] SuspendThread: Access is denied. (0x5)
[0313/114616.552:ERROR:process_reader_win.cc(151)] SuspendThread: Access is denied. (0x5)
[0313/114616.552:ERROR:process_reader_win.cc(151)] SuspendThread: Access is denied. (0x5)
[0313/114616.552:ERROR:process_reader_win.cc(151)] SuspendThread: Access is denied. (0x5)
[0313/114616.552:ERROR:process_reader_win.cc(151)] SuspendThread: Access is denied. (0x5)
[0313/114616.552:ERROR:process_reader_win.cc(151)] SuspendThread: Access is denied. (0x5)
[0313/114616.552:ERROR:process_reader_win.cc(151)] SuspendThread: Access is denied. (0x5)
[0313/114616.552:ERROR:process_reader_win.cc(151)] SuspendThread: Access is denied. (0x5)
[0313/114616.552:ERROR:process_reader_win.cc(151)] SuspendThread: Access is denied. (0x5)
[0313/114616.552:ERROR:process_reader_win.cc(151)] SuspendThread: Access is denied. (0x5)
[0313/114616.552:ERROR:process_reader_win.cc(151)] SuspendThread: Access is denied. (0x5)
[0313/114616.552:ERROR:process_reader_win.cc(151)] SuspendThread: Access is denied. (0x5)
[0313/114616.556:ERROR:process_reader_win.cc(151)] SuspendThread: Access is denied. (0x5)
[0313/114616.559:ERROR:process_reader_win.cc(151)] SuspendThread: Access is denied. (0x5)
[0313/114616.559:ERROR:process_reader_win.cc(151)] SuspendThread: Access is denied. (0x5)
[0313/114616.559:ERROR:process_reader_win.cc(151)] SuspendThread: Access is denied. (0x5)
[0313/114616.559:ERROR:process_reader_win.cc(151)] SuspendThread: Access is denied. (0x5)
[0313/114616.560:ERROR:process_reader_win.cc(151)] SuspendThread: Access is denied. (0x5)
[0313/114616.560:ERROR:process_reader_win.cc(151)] SuspendThread: Access is denied. (0x5)
[0313/114616.560:ERROR:process_reader_win.cc(151)] SuspendThread: Access is denied. (0x5)
[0313/114616.561:ERROR:process_reader_win.cc(151)] SuspendThread: Access is denied. (0x5)
[0313/114616.561:ERROR:process_reader_win.cc(151)] SuspendThread: Access is denied. (0x5)
[0313/114616.561:ERROR:process_reader_win.cc(151)] SuspendThread: Access is denied. (0x5)
[0313/114616.561:ERROR:process_reader_win.cc(151)] SuspendThread: Access is denied. (0x5)
[0313/114616.561:ERROR:process_reader_win.cc(151)] SuspendThread: Access is denied. (0x5)
[0313/114616.562:ERROR:process_reader_win.cc(151)] SuspendThread: Access is denied. (0x5)
[0313/114616.562:ERROR:process_reader_win.cc(151)] SuspendThread: Access is denied. (0x5)
[0313/114616.562:ERROR:process_reader_win.cc(123)] NtOpenThread: {Access Denied} A process has requested access to an object, but has not been granted those access rights. (0xc0000022)
[0313/114616.562:ERROR:exception_snapshot_win.cc(88)] thread ID 27856 not found in process
[0313/114618.215:ERROR:process_reader_win.cc(151)] SuspendThread: Access is denied. (0x5)
[0313/114618.217:ERROR:process_reader_win.cc(151)] SuspendThread: Access is denied. (0x5)
[0313/114618.217:ERROR:process_reader_win.cc(151)] SuspendThread: Access is denied. (0x5)
[0313/114618.217:ERROR:process_reader_win.cc(151)] SuspendThread: Access is denied. (0x5)
[0313/114618.217:ERROR:process_reader_win.cc(151)] SuspendThread: Access is denied. (0x5)
[0313/114618.217:ERROR:process_reader_win.cc(151)] SuspendThread: Access is denied. (0x5)
[0313/114618.217:ERROR:process_reader_win.cc(151)] SuspendThread: Access is denied. (0x5)
[0313/114618.217:ERROR:process_reader_win.cc(151)] SuspendThread: Access is denied. (0x5)
[0313/114618.217:ERROR:process_reader_win.cc(151)] SuspendThread: Access is denied. (0x5)
[0313/114618.224:ERROR:process_reader_win.cc(151)] SuspendThread: Access is denied. (0x5)
[0313/114618.225:ERROR:process_reader_win.cc(151)] SuspendThread: Access is denied. (0x5)
[0313/114618.225:ERROR:process_reader_win.cc(151)] SuspendThread: Access is denied. (0x5)
[0313/114618.226:ERROR:process_reader_win.cc(151)] SuspendThread: Access is denied. (0x5)
[0313/114618.226:ERROR:process_reader_win.cc(151)] SuspendThread: Access is denied. (0x5)
[0313/114618.226:ERROR:process_reader_win.cc(151)] SuspendThread: Access is denied. (0x5)
[0313/114618.226:ERROR:process_reader_win.cc(151)] SuspendThread: Access is denied. (0x5)
[0313/114618.226:ERROR:process_reader_win.cc(151)] SuspendThread: Access is denied. (0x5)
[0313/114618.226:ERROR:process_reader_win.cc(151)] SuspendThread: Access is denied. (0x5)
[0313/114618.227:ERROR:process_reader_win.cc(151)] SuspendThread: Access is denied. (0x5)
[0313/114618.227:ERROR:process_reader_win.cc(151)] SuspendThread: Access is denied. (0x5)
[0313/114618.227:ERROR:process_reader_win.cc(151)] SuspendThread: Access is denied. (0x5)
[0313/114618.227:ERROR:process_reader_win.cc(151)] SuspendThread: Access is denied. (0x5)
[0313/114618.227:ERROR:process_reader_win.cc(151)] SuspendThread: Access is denied. (0x5)
[0313/114618.227:ERROR:process_reader_win.cc(151)] SuspendThread: Access is denied. (0x5)
[0313/114618.227:ERROR:process_reader_win.cc(151)] SuspendThread: Access is denied. (0x5)
[0313/114618.227:ERROR:process_reader_win.cc(151)] SuspendThread: Access is denied. (0x5)
[0313/114618.227:ERROR:process_reader_win.cc(151)] SuspendThread: Access is denied. (0x5)
[0313/114618.227:ERROR:process_reader_win.cc(151)] SuspendThread: Access is denied. (0x5)
[0313/114618.227:ERROR:process_reader_win.cc(151)] SuspendThread: Access is denied. (0x5)
[0313/114618.227:ERROR:process_reader_win.cc(151)] SuspendThread: Access is denied. (0x5)
[0313/114618.227:ERROR:process_reader_win.cc(151)] SuspendThread: Access is denied. (0x5)
[0313/114618.227:ERROR:process_reader_win.cc(151)] SuspendThread: Access is denied. (0x5)
[0313/114618.227:ERROR:process_reader_win.cc(151)] SuspendThread: Access is denied. (0x5)
[0313/114618.227:ERROR:process_reader_win.cc(151)] SuspendThread: Access is denied. (0x5)
[0313/114618.227:ERROR:process_reader_win.cc(151)] SuspendThread: Access is denied. (0x5)
[0313/114618.227:ERROR:process_reader_win.cc(123)] NtOpenThread: {Access Denied} A process has requested access to an object, but has not been granted those access rights. (0xc0000022)
[0313/114618.227:ERROR:exception_snapshot_win.cc(88)] thread ID 13036 not found in process
[0313/114622.077:ERROR:process_reader_win.cc(151)] SuspendThread: Access is denied. (0x5)
[0313/114622.077:ERROR:process_reader_win.cc(151)] SuspendThread: Access is denied. (0x5)
[0313/114622.081:ERROR:process_reader_win.cc(151)] SuspendThread: Access is denied. (0x5)
[0313/114622.081:ERROR:process_reader_win.cc(151)] SuspendThread: Access is denied. (0x5)
[0313/114622.081:ERROR:process_reader_win.cc(151)] SuspendThread: Access is denied. (0x5)
[0313/114622.081:ERROR:process_reader_win.cc(151)] SuspendThread: Access is denied. (0x5)
[0313/114622.081:ERROR:process_reader_win.cc(151)] SuspendThread: Access is denied. (0x5)
[0313/114622.081:ERROR:process_reader_win.cc(151)] SuspendThread: Access is denied. (0x5)
[0313/114622.081:ERROR:process_reader_win.cc(151)] SuspendThread: Access is denied. (0x5)
[0313/114622.081:ERROR:process_reader_win.cc(151)] SuspendThread: Access is denied. (0x5)
[0313/114622.081:ERROR:process_reader_win.cc(151)] SuspendThread: Access is denied. (0x5)
[0313/114622.081:ERROR:process_reader_win.cc(151)] SuspendThread: Access is denied. (0x5)
[0313/114623.847:ERROR:process_reader_win.cc(151)] SuspendThread: Access is denied. (0x5)
[0313/114623.870:ERROR:process_reader_win.cc(151)] SuspendThread: Access is denied. (0x5)
[0313/114623.875:ERROR:process_reader_win.cc(151)] SuspendThread: Access is denied. (0x5)
[0313/114623.875:ERROR:process_reader_win.cc(151)] SuspendThread: Access is denied. (0x5)
[0313/114623.875:ERROR:process_reader_win.cc(151)] SuspendThread: Access is denied. (0x5)
[0313/114623.875:ERROR:process_reader_win.cc(151)] SuspendThread: Access is denied. (0x5)
[0313/114623.875:ERROR:process_reader_win.cc(151)] SuspendThread: Access is denied. (0x5)
[0313/114623.875:ERROR:process_reader_win.cc(151)] SuspendThread: Access is denied. (0x5)
[0313/114623.876:ERROR:process_reader_win.cc(151)] SuspendThread: Access is denied. (0x5)
[0313/121806.202:ERROR:process_reader_win.cc(123)] NtOpenThread: {Access Denied} A process has requested access to an object, but has not been granted those access rights. (0xc0000022)
[0314/102145.087:ERROR:process_reader_win.cc(151)] SuspendThread: Access is denied. (0x5)
[0314/102145.095:ERROR:process_reader_win.cc(151)] SuspendThread: Access is denied. (0x5)
[0314/102145.095:ERROR:process_reader_win.cc(151)] SuspendThread: Access is denied. (0x5)
[0314/102145.095:ERROR:process_reader_win.cc(151)] SuspendThread: Access is denied. (0x5)
[0314/102145.095:ERROR:process_reader_win.cc(151)] SuspendThread: Access is denied. (0x5)
[0314/102145.095:ERROR:process_reader_win.cc(151)] SuspendThread: Access is denied. (0x5)
[0314/102145.095:ERROR:process_reader_win.cc(151)] SuspendThread: Access is denied. (0x5)
[0314/102145.096:ERROR:process_reader_win.cc(151)] SuspendThread: Access is denied. (0x5)
[0314/102145.096:ERROR:process_reader_win.cc(123)] NtOpenThread: {Access Denied} A process has requested access to an object, but has not been granted those access rights. (0xc0000022)
[0314/102145.118:ERROR:exception_snapshot_win.cc(88)] thread ID 24952 not found in process
[0314/102145.407:ERROR:process_reader_win.cc(151)] SuspendThread: Access is denied. (0x5)
[0314/102145.426:ERROR:process_reader_win.cc(151)] SuspendThread: Access is denied. (0x5)
[0314/102145.426:ERROR:process_reader_win.cc(151)] SuspendThread: Access is denied. (0x5)
[0314/102145.426:ERROR:process_reader_win.cc(151)] SuspendThread: Access is denied. (0x5)
[0314/102145.426:ERROR:process_reader_win.cc(151)] SuspendThread: Access is denied. (0x5)
[0314/102145.426:ERROR:process_reader_win.cc(151)] SuspendThread: Access is denied. (0x5)
[0314/102145.427:ERROR:process_reader_win.cc(151)] SuspendThread: Access is denied. (0x5)
[0314/102145.427:ERROR:process_reader_win.cc(151)] SuspendThread: Access is denied. (0x5)
[0314/102145.427:ERROR:process_reader_win.cc(151)] SuspendThread: Access is denied. (0x5)
[0314/102145.427:ERROR:process_reader_win.cc(151)] SuspendThread: Access is denied. (0x5)
[0314/102145.427:ERROR:process_reader_win.cc(151)] SuspendThread: Access is denied. (0x5)
[0314/102145.427:ERROR:process_reader_win.cc(151)] SuspendThread: Access is denied. (0x5)
[0314/102145.427:ERROR:process_reader_win.cc(123)] NtOpenThread: {Access Denied} A process has requested access to an object, but has not been granted those access rights. (0xc0000022)
[0314/102145.427:ERROR:exception_snapshot_win.cc(88)] thread ID 15124 not found in process
[0314/105504.932:ERROR:process_reader_win.cc(123)] NtOpenThread: {Access Denied} A process has requested access to an object, but has not been granted those access rights. (0xc0000022)
[0314/105504.952:ERROR:exception_snapshot_win.cc(88)] thread ID 10856 not found in process
[0314/111946.059:ERROR:process_reader_win.cc(151)] SuspendThread: Access is denied. (0x5)
[0314/111946.062:ERROR:process_reader_win.cc(151)] SuspendThread: Access is denied. (0x5)
[0314/111946.063:ERROR:process_reader_win.cc(151)] SuspendThread: Access is denied. (0x5)
[0314/111946.063:ERROR:process_reader_win.cc(151)] SuspendThread: Access is denied. (0x5)
[0314/111946.064:ERROR:process_reader_win.cc(151)] SuspendThread: Access is denied. (0x5)
[0314/111946.064:ERROR:process_reader_win.cc(151)] SuspendThread: Access is denied. (0x5)
[0314/111946.064:ERROR:process_reader_win.cc(151)] SuspendThread: Access is denied. (0x5)
[0314/111946.064:ERROR:process_reader_win.cc(151)] SuspendThread: Access is denied. (0x5)
[0314/111946.065:ERROR:process_reader_win.cc(151)] SuspendThread: Access is denied. (0x5)
[0314/111946.065:ERROR:process_reader_win.cc(151)] SuspendThread: Access is denied. (0x5)
[0314/111946.065:ERROR:process_reader_win.cc(151)] SuspendThread: Access is denied. (0x5)
[0314/111946.065:ERROR:process_reader_win.cc(151)] SuspendThread: Access is denied. (0x5)
[0314/111946.065:ERROR:process_reader_win.cc(151)] SuspendThread: Access is denied. (0x5)
[0314/111946.065:ERROR:process_reader_win.cc(151)] SuspendThread: Access is denied. (0x5)
[0314/111946.066:ERROR:process_reader_win.cc(151)] SuspendThread: Access is denied. (0x5)
[0314/111946.066:ERROR:process_reader_win.cc(151)] SuspendThread: Access is denied. (0x5)
[0314/111946.066:ERROR:process_reader_win.cc(151)] SuspendThread: Access is denied. (0x5)
[0314/111946.113:ERROR:process_reader_win.cc(151)] SuspendThread: Access is denied. (0x5)
[0314/111946.114:ERROR:process_reader_win.cc(151)] SuspendThread: Access is denied. (0x5)
[0314/111946.114:ERROR:process_reader_win.cc(151)] SuspendThread: Access is denied. (0x5)
[0314/111946.114:ERROR:process_reader_win.cc(151)] SuspendThread: Access is denied. (0x5)
[0314/111946.114:ERROR:process_reader_win.cc(151)] SuspendThread: Access is denied. (0x5)
[0314/111946.114:ERROR:process_reader_win.cc(151)] SuspendThread: Access is denied. (0x5)
[0314/111946.114:ERROR:process_reader_win.cc(151)] SuspendThread: Access is denied. (0x5)
[0314/111946.115:ERROR:process_reader_win.cc(151)] SuspendThread: Access is denied. (0x5)
[0314/111946.115:ERROR:process_reader_win.cc(151)] SuspendThread: Access is denied. (0x5)
[0314/111946.115:ERROR:process_reader_win.cc(151)] SuspendThread: Access is denied. (0x5)
[0314/111946.115:ERROR:process_reader_win.cc(151)] SuspendThread: Access is denied. (0x5)
[0314/111946.116:ERROR:process_reader_win.cc(151)] SuspendThread: Access is denied. (0x5)
[0314/111946.116:ERROR:process_reader_win.cc(151)] SuspendThread: Access is denied. (0x5)
[0314/111946.116:ERROR:process_reader_win.cc(151)] SuspendThread: Access is denied. (0x5)
[0314/111946.117:ERROR:process_reader_win.cc(151)] SuspendThread: Access is denied. (0x5)
[0314/111946.117:ERROR:process_reader_win.cc(151)] SuspendThread: Access is denied. (0x5)
[0314/111946.117:ERROR:process_reader_win.cc(151)] SuspendThread: Access is denied. (0x5)
[0314/111946.117:ERROR:process_reader_win.cc(151)] SuspendThread: Access is denied. (0x5)
[0314/111946.117:ERROR:process_reader_win.cc(151)] SuspendThread: Access is denied. (0x5)
[0314/111946.117:ERROR:process_reader_win.cc(151)] SuspendThread: Access is denied. (0x5)
[0314/111946.117:ERROR:process_reader_win.cc(151)] SuspendThread: Access is denied. (0x5)
[0314/111946.118:ERROR:process_reader_win.cc(123)] NtOpenThread: {Access Denied} A process has requested access to an object, but has not been granted those access rights. (0xc0000022)
[0314/111946.143:ERROR:exception_snapshot_win.cc(88)] thread ID 9320 not found in process
[0314/111959.565:ERROR:process_reader_win.cc(151)] SuspendThread: Access is denied. (0x5)
[0314/114943.467:ERROR:process_reader_win.cc(151)] SuspendThread: Access is denied. (0x5)
[0314/114943.475:ERROR:process_reader_win.cc(151)] SuspendThread: Access is denied. (0x5)
[0314/114943.475:ERROR:process_reader_win.cc(151)] SuspendThread: Access is denied. (0x5)
[0314/114944.181:ERROR:process_reader_win.cc(151)] SuspendThread: Access is denied. (0x5)
[0314/114944.206:ERROR:process_reader_win.cc(151)] SuspendThread: Access is denied. (0x5)
[0314/114944.207:ERROR:process_reader_win.cc(151)] SuspendThread: Access is denied. (0x5)
[0314/114944.207:ERROR:process_reader_win.cc(151)] SuspendThread: Access is denied. (0x5)
[0314/114944.207:ERROR:process_reader_win.cc(151)] SuspendThread: Access is denied. (0x5)
[0314/114944.207:ERROR:process_reader_win.cc(151)] SuspendThread: Access is denied. (0x5)
[0314/114944.207:ERROR:process_reader_win.cc(123)] NtOpenThread: {Access Denied} A process has requested access to an object, but has not been granted those access rights. (0xc0000022)
[0314/114944.208:ERROR:exception_snapshot_win.cc(88)] thread ID 17876 not found in process
[0327/161356.596:ERROR:process_reader_win.cc(123)] NtOpenThread: {Access Denied} A process has requested access to an object, but has not been granted those access rights. (0xc0000022)
[0619/122357.174:ERROR:process_reader_win.cc(123)] NtOpenThread: {Access Denied} A process has requested access to an object, but has not been granted those access rights. (0xc0000022)
[0619/122357.200:ERROR:exception_snapshot_win.cc(98)] thread ID 20808 not found in process
[0619/122401.307:ERROR:process_reader_win.cc(123)] NtOpenThread: {Access Denied} A process has requested access to an object, but has not been granted those access rights. (0xc0000022)
[0619/122401.317:ERROR:exception_snapshot_win.cc(98)] thread ID 2612 not found in process
